#
# There is insufficient memory for the Java Runtime Environment to continue.
# Native memory allocation (mmap) failed to map 130023424 bytes. Error detail: G1 virtual space
# Possible reasons:
#   The system is out of physical RAM or swap space
#   This process is running with CompressedOops enabled, and the Java Heap may be blocking the growth of the native heap
# Possible solutions:
#   Reduce memory load on the system
#   Increase physical memory or swap space
#   Check if swap backing store is full
#   Decrease Java heap size (-Xmx/-Xms)
#   Decrease number of Java threads
#   Decrease Java thread stack sizes (-Xss)
#   Set larger code cache with -XX:ReservedCodeCacheSize=
#   JVM is running with Unscaled Compressed Oops mode in which the Java heap is
#     placed in the first 4GB address space. The Java Heap base address is the
#     maximum limit for the native heap growth. Please use -XX:HeapBaseMinAddress
#     to set the Java Heap base and to place the Java Heap above 4GB virtual address.
# This output file may be truncated or incomplete.
#
#  Out of Memory Error (os_windows.cpp:3554), pid=11352, tid=21996
#
# JRE version:  (25.0.2+10) (build )
# Java VM: Java HotSpot(TM) 64-Bit Server VM (25.0.2+10-LTS-69, mixed mode, sharing, tiered, compressed oops, compressed class ptrs, g1 gc, windows-amd64)
# No core dump will be written. Minidumps are not enabled by default on client versions of Windows
#

---------------  S U M M A R Y ------------

Command Line: -XX:+ShowCodeDetailsInExceptionMessages clinica.Main

Host: 12th Gen Intel(R) Core(TM) i3-1215U, 8 cores, 7G,  Windows 11 , 64 bit Build 26100 (10.0.26100.8328)
Time: Tue Jun  9 23:20:31 2026 Hora oficial do Brasil elapsed time: 1.061739 seconds (0d 0h 0m 1s)

---------------  T H R E A D  ---------------

Current thread (0x0000019f93b63130):  JavaThread "Unknown thread" [_thread_in_vm, id=21996, stack(0x00000081cf400000,0x00000081cf500000) (1024K)]

Stack: [0x00000081cf400000,0x00000081cf500000]
Native frames: (J=compiled Java code, j=interpreted, Vv=VM code, C=native code)
V  [jvm.dll+0x7a70f9]  (no source info available)
V  [jvm.dll+0x772d6d]  (no source info available)
V  [jvm.dll+0x965d53]  (no source info available)
V  [jvm.dll+0x968351]  (no source info available)
V  [jvm.dll+0x968a63]  (no source info available)
V  [jvm.dll+0x2fc846]  (no source info available)
V  [jvm.dll+0x7a3325]  (no source info available)
V  [jvm.dll+0x796737]  (no source info available)
V  [jvm.dll+0x3f4988]  (no source info available)
V  [jvm.dll+0x3fc8d6]  (no source info available)
V  [jvm.dll+0x3e8f7e]  (no source info available)
V  [jvm.dll+0x3e9238]  (no source info available)
V  [jvm.dll+0x3c0145]  (no source info available)
V  [jvm.dll+0x3c0dce]  (no source info available)
V  [jvm.dll+0x92cdf7]  (no source info available)
V  [jvm.dll+0x458f02]  (no source info available)
V  [jvm.dll+0x9107a2]  (no source info available)
V  [jvm.dll+0x4f9331]  (no source info available)
V  [jvm.dll+0x4fabc1]  (no source info available)
C  [jli.dll+0x543e]  (no source info available)
C  [ucrtbase.dll+0x37b0]  (no source info available)
C  [KERNEL32.DLL+0x2e957]  (no source info available)
C  [ntdll.dll+0x427c]  (no source info available)

Lock stack of current Java thread (top to bottom):


---------------  P R O C E S S  ---------------

Threads class SMR info:
_java_thread_list=0x00007ffc543b5388, length=0, elements={
}

Java Threads: ( => current thread )
Total: 0

Other Threads:
  0x0000019f96016660 WorkerThread "GC Thread#0"                     [id=10268, stack(0x00000081cf500000,0x00000081cf600000) (1024K)]
  0x0000019f9602e890 ConcurrentGCThread "G1 Main Marker"            [id=10456, stack(0x00000081cf600000,0x00000081cf700000) (1024K)]
  0x0000019f960306c0 WorkerThread "G1 Conc#0"                       [id=16544, stack(0x00000081cf700000,0x00000081cf800000) (1024K)]

[error occurred during error reporting (printing all threads), id 0xc0000005, EXCEPTION_ACCESS_VIOLATION (0xc0000005) at pc=0x00007ffc53a94f1a]
VM state: not at safepoint (not fully initialized)

VM Mutex/Monitor currently owned by a thread:  ([mutex/lock_event])
[0x00007ffc54439768] Heap_lock - owner thread: 0x0000019f93b63130

Heap address: 0x0000000084e00000, size: 1970 MB, Compressed Oops mode: 32-bit

CDS archive(s) mapped at: [0x0000000000000000-0x0000000000000000-0x0000000000000000), size 0, SharedBaseAddress: 0x0000000800000000, ArchiveRelocationMode: 1.
UseCompressedClassPointers 1, UseCompactObjectHeaders 0
Narrow klass pointer bits 32, Max shift 3
Narrow klass base: 0xffffffffffffffff, Narrow klass shift: -1
Encoding Range: [0xffffffffffffffff - 0x000000007fffffff), (2147483648 bytes)
Klass Range:    [0x0000000000000000 - 0x0000000000000000), (0 bytes)
Klass ID Range:  [4294967295 - 0) (1)
No protection zone.

GC Precious Log:
 CardTable entry size: 512
 Card Set container configuration: InlinePtr #cards 5 size 8 Array Of Cards #cards 10 size 36 Howl #buckets 4 coarsen threshold 1843 Howl Bitmap #cards 512 size 80 coarsen threshold 460 Card regions per heap region 1 cards per card region 2048

Heap:
 garbage-first heap   total reserved 2017280K, committed 0K, used 0K [0x0000000084e00000, 0x0000000100000000)
  region size 1024K, 0 young (0K), 0 survivors (0K)

Heap Regions: E=young(eden), S=young(survivor), O=old, HS=humongous(starts), HC=humongous(continues), CS=collection set, F=free, TAMS=top-at-mark-start, PB=parsable bottom

Card table byte_map: [0x0000019fadf60000,0x0000019fae340000] _byte_map_base: 0x0000019fadb39000

Marking Bits: (CMBitMap*) 0x0000019f96016bf0
 Bits: [0x0000019fae340000, 0x0000019fb0208000)

GC Heap Usage History (0 events):
No events

Metaspace Usage History (0 events):
No events

Dll operation events (1 events):
Event: 0.023 Loaded shared library C:\Program Files\Java\jdk-25.0.2\bin\java.dll

Deoptimization events (0 events):
No events

Classes loaded (0 events):
No events

Classes unloaded (0 events):
No events

Classes redefined (0 events):
No events

Internal exceptions (0 events):
No events

VM Operations (0 events):
No events

Memory protections (0 events):
No events

Nmethod flushes (0 events):
No events

Events (0 events):
No events


Dynamic libraries:
0x00007ff63fef0000 - 0x00007ff63ff00000 	C:\Program Files\Java\jdk-25.0.2\bin\java.exe
0x00007ffcdf880000 - 0x00007ffcdfae7000 	C:\WINDOWS\SYSTEM32\ntdll.dll
0x00007ffcdeb20000 - 0x00007ffcdebe9000 	C:\WINDOWS\System32\KERNEL32.DLL
0x00007ffcdc2b0000 - 0x00007ffcdc6a7000 	C:\WINDOWS\System32\KERNELBASE.dll
0x00007ffcdd010000 - 0x00007ffcdd15b000 	C:\WINDOWS\System32\ucrtbase.dll
0x00007ffcc8130000 - 0x00007ffcc814e000 	C:\Program Files\Java\jdk-25.0.2\bin\VCRUNTIME140.dll
0x00007ffcc27a0000 - 0x00007ffcc27b7000 	C:\Program Files\Java\jdk-25.0.2\bin\jli.dll
0x00007ffcddd60000 - 0x00007ffcddf26000 	C:\WINDOWS\System32\USER32.dll
0x00007ffcdcf20000 - 0x00007ffcdcf47000 	C:\WINDOWS\System32\win32u.dll
0x00007ffcbd760000 - 0x00007ffcbd9f2000 	C:\WINDOWS\WinSxS\amd64_microsoft.windows.common-controls_6595b64144ccf1df_6.0.26100.8457_none_3e0b2faee331e92d\COMCTL32.dll
0x00007ffcdd730000 - 0x00007ffcdd75b000 	C:\WINDOWS\System32\GDI32.dll
0x00007ffcdd4d0000 - 0x00007ffcdd5fc000 	C:\WINDOWS\System32\gdi32full.dll
0x00007ffcdd210000 - 0x00007ffcdd2b3000 	C:\WINDOWS\System32\msvcp_win.dll
0x00007ffcdea70000 - 0x00007ffcdeb19000 	C:\WINDOWS\System32\msvcrt.dll
0x00007ffcdef10000 - 0x00007ffcdef42000 	C:\WINDOWS\System32\IMM32.DLL
0x00007ffcc1ec0000 - 0x00007ffcc1ecc000 	C:\Program Files\Java\jdk-25.0.2\bin\vcruntime140_1.dll
0x00007ffc88100000 - 0x00007ffc8818d000 	C:\Program Files\Java\jdk-25.0.2\bin\msvcp140.dll
0x00007ffc536c0000 - 0x00007ffc5451f000 	C:\Program Files\Java\jdk-25.0.2\bin\server\jvm.dll
0x00007ffcdd760000 - 0x00007ffcdd816000 	C:\WINDOWS\System32\ADVAPI32.dll
0x00007ffcdd620000 - 0x00007ffcdd6c7000 	C:\WINDOWS\System32\sechost.dll
0x00007ffcdedf0000 - 0x00007ffcdef08000 	C:\WINDOWS\System32\RPCRT4.dll
0x00007ffcdf320000 - 0x00007ffcdf3a0000 	C:\WINDOWS\System32\WS2_32.dll
0x00007ffcdc130000 - 0x00007ffcdc18e000 	C:\WINDOWS\SYSTEM32\POWRPROF.dll
0x00007ffcd9460000 - 0x00007ffcd9496000 	C:\WINDOWS\SYSTEM32\WINMM.dll
0x00007ffcc7600000 - 0x00007ffcc760b000 	C:\WINDOWS\SYSTEM32\VERSION.dll
0x00007ffcdc110000 - 0x00007ffcdc124000 	C:\WINDOWS\SYSTEM32\UMPDC.dll
0x00007ffcdb040000 - 0x00007ffcdb05b000 	C:\WINDOWS\SYSTEM32\kernel.appcore.dll
0x00007ffcc1db0000 - 0x00007ffcc1dba000 	C:\Program Files\Java\jdk-25.0.2\bin\jimage.dll
0x00007ffcda110000 - 0x00007ffcda352000 	C:\WINDOWS\SYSTEM32\DBGHELP.DLL
0x00007ffcdef60000 - 0x00007ffcdf2e3000 	C:\WINDOWS\System32\combase.dll
0x00007ffcde990000 - 0x00007ffcdea69000 	C:\WINDOWS\System32\OLEAUT32.dll
0x00007ffcd4840000 - 0x00007ffcd487b000 	C:\WINDOWS\SYSTEM32\dbgcore.DLL
0x00007ffcdd160000 - 0x00007ffcdd208000 	C:\WINDOWS\System32\bcryptPrimitives.dll
0x00007ffcc1890000 - 0x00007ffcc18af000 	C:\Program Files\Java\jdk-25.0.2\bin\java.dll
0x00007ffcde070000 - 0x00007ffcde207000 	C:\WINDOWS\System32\ole32.dll
0x00007ffcde210000 - 0x00007ffcde97e000 	C:\WINDOWS\System32\SHELL32.dll

JVMTI agents: none

dbghelp: loaded successfully - version: 4.0.5 - missing functions: none
symbol engine: initialized successfully - sym options: 0x614 - pdb path: .;C:\Program Files\Java\jdk-25.0.2\bin;C:\WINDOWS\SYSTEM32;C:\WINDOWS\WinSxS\amd64_microsoft.windows.common-controls_6595b64144ccf1df_6.0.26100.8457_none_3e0b2faee331e92d;C:\Program Files\Java\jdk-25.0.2\bin\server

VM Arguments:
jvm_args: -XX:+ShowCodeDetailsInExceptionMessages 
java_command: clinica.Main
java_class_path (initial): C:\Users\heder\AppData\Roaming\Code\User\workspaceStorage\a11431d418169d358afae451dacb3a51\redhat.java\jdt_ws\src_ab61ac67\bin
Launcher Type: SUN_STANDARD

[Global flags]
     intx CICompilerCount                          = 4                                         {product} {ergonomic}
     uint ConcGCThreads                            = 2                                         {product} {ergonomic}
     uint G1ConcRefinementThreads                  = 8                                         {product} {ergonomic}
   size_t G1HeapRegionSize                         = 1048576                                   {product} {ergonomic}
   size_t InitialHeapSize                          = 130023424                                 {product} {ergonomic}
   size_t MarkStackSize                            = 4194304                                   {product} {ergonomic}
   size_t MarkStackSizeMax                         = 536870912                                 {product} {ergonomic}
   size_t MaxHeapSize                              = 2065694720                                {product} {ergonomic}
   size_t MinHeapDeltaBytes                        = 1048576                                   {product} {ergonomic}
   size_t MinHeapSize                              = 8388608                                   {product} {ergonomic}
    uintx NonNMethodCodeHeapSize                   = 5832704                                {pd product} {ergonomic}
    uintx NonProfiledCodeHeapSize                  = 122945536                              {pd product} {ergonomic}
    uintx ProfiledCodeHeapSize                     = 122880000                              {pd product} {ergonomic}
    uintx ReservedCodeCacheSize                    = 251658240                              {pd product} {ergonomic}
     bool SegmentedCodeCache                       = true                                      {product} {ergonomic}
     bool ShowCodeDetailsInExceptionMessages       = true                                   {manageable} {command line}
   size_t SoftMaxHeapSize                          = 2065694720                             {manageable} {ergonomic}
     bool UseCompressedOops                        = true                           {product lp64_product} {ergonomic}
     bool UseG1GC                                  = true                                      {product} {ergonomic}
     bool UseLargePagesIndividualAllocation        = false                                  {pd product} {ergonomic}

Logging:
Log output configuration:
 #0: stdout all=warning uptime,level,tags foldmultilines=false
 #1: stderr all=off uptime,level,tags foldmultilines=false

Release file:
<release file has not been read>
Environment Variables:
PATH=C:\Program Files\Common Files\Oracle\Java\javapath;C:\Program Files\Python313\Scripts\;C:\Program Files\Python313\;C:\WINDOWS\system32;C:\WINDOWS;C:\WINDOWS\System32\Wbem;C:\WINDOWS\System32\WindowsPowerShell\v1.0\;C:\WINDOWS\System32\OpenSSH\;C:\Program Files\dotnet\;C:\Program Files\Git\cmd;C:\Users\heder\flutter\bin;C:\Users\heder\AppData\Local\Programs\Microsoft VS Code\bin;C:\Users\heder\AppData\Local\GitHubDesktop\bin;C:\xampp\php;C:\Users\heder\AppData\Local\ComposerSetup\bin;C:\Users\heder\AppData\Roaming\Composer\vendor\bin;c:\Users\heder\.vscode\extensions\vscjava.vscode-java-debug-0.59.0\bundled\scripts\noConfigScripts
USERNAME=heder
LANG=pt_BR.UTF-8
OS=Windows_NT
PROCESSOR_IDENTIFIER=Intel64 Family 6 Model 154 Stepping 4, GenuineIntel
TMP=C:\Users\heder\AppData\Local\Temp
TEMP=C:\Users\heder\AppData\Local\Temp




Compilation memory statistics disabled.

Periodic native trim disabled

---------------  S Y S T E M  ---------------

OS:
 Windows 11 , 64 bit Build 26100 (10.0.26100.8328)
OS uptime: 14 days 0:04 hours
Hyper-V role detected

CPU: total 8 (initial active 8) (4 cores per cpu, 2 threads per core) family 6 model 154 stepping 4 microcode 0x43b, cx8, cmov, fxsr, ht, mmx, 3dnowpref, sse, sse2, sse3, ssse3, sse4.1, sse4.2, popcnt, lzcnt, tsc, tscinvbit, avx, avx2, aes, erms, clmul, bmi1, bmi2, adx, sha, fma, vzeroupper, clflush, clflushopt, clwb, hv, serialize, rdtscp, rdpid, fsrm, gfni, f16c, cet_ibt, cet_ss
Processor Information for the first 8 processors :
  Max Mhz: 1200, Current Mhz: 1200, Mhz Limit: 1200

Memory: 4k page, system-wide physical 7876M (556M free)
TotalPageFile size 16068M (AvailPageFile size 33M)
current process WorkingSet (physical memory assigned to process): 13M, peak: 13M
current process commit charge ("private bytes"): 60M, peak: 184M

vm_info: Java HotSpot(TM) 64-Bit Server VM (25.0.2+10-LTS-69) for windows-amd64 JRE (25.0.2+10-LTS-69), built on 2025-12-18T11:36:35Z with MS VC++ 17.13 (VS2022)

END.
